=========================  [Dec 19 2012 13:07:25]=========================
Error: lmbException: 
Back trace:
* lmbException::__construct(STRING(0) "") in "/home/korchasa/workspace/thx/tests/cases/unit/cli/TasksTest.class.php" line 78
* TasksTest::testApnsPush_AnySendError() in "/home/korchasa/workspace/thx/lib/limb/tests_runner/lib/simpletest/invoker.php" line 68
* SimpleInvoker::invoke(STRING(25) "testApnsPush_AnySendError") in "/home/korchasa/workspace/thx/lib/limb/tests_runner/lib/simpletest/invoker.php" line 126
* SimpleInvokerDecorator::invoke(STRING(25) "testApnsPush_AnySendError") in "/home/korchasa/workspace/thx/lib/limb/tests_runner/lib/simpletest/exceptions.php" line 43
* SimpleExceptionTrappingInvoker::invoke(STRING(25) "testApnsPush_AnySendError") in "/home/korchasa/workspace/thx/lib/limb/tests_runner/lib/simpletest/invoker.php" line 126
* SimpleInvokerDecorator::invoke(STRING(25) "testApnsPush_AnySendError") in "/home/korchasa/workspace/thx/lib/limb/tests_runner/lib/simpletest/errors.php" line 42
* SimpleErrorTrappingInvoker::invoke(STRING(25) "testApnsPush_AnySendError") in "/home/korchasa/workspace/thx/lib/limb/tests_runner/lib/simpletest/test_case.php" line 149
* SimpleTestCase::run(OBJECT(lmbTestShellReporter)) in "/home/korchasa/workspace/thx/lib/limb/tests_runner/lib/simpletest/test_case.php" line 572
* TestSuite::run(OBJECT(lmbTestShellReporter)) in "/home/korchasa/workspace/thx/lib/limb/tests_runner/src/lmbTestGroup.class.php" line 30
* lmbTestGroup::run(OBJECT(lmbTestShellReporter)) in "/home/korchasa/workspace/thx/lib/limb/tests_runner/lib/simpletest/test_case.php" line 572
* TestSuite::run(OBJECT(lmbTestShellReporter)) in "/home/korchasa/workspace/thx/lib/limb/tests_runner/src/lmbTestGroup.class.php" line 30
* lmbTestGroup::run(OBJECT(lmbTestShellReporter)) in "/home/korchasa/workspace/thx/lib/limb/tests_runner/lib/simpletest/test_case.php" line 572
* TestSuite::run(OBJECT(lmbTestShellReporter)) in "/home/korchasa/workspace/thx/lib/limb/tests_runner/src/lmbTestGroup.class.php" line 30
* lmbTestGroup::run(OBJECT(lmbTestShellReporter)) in "/home/korchasa/workspace/thx/lib/limb/tests_runner/lib/simpletest/test_case.php" line 572
* TestSuite::run(OBJECT(lmbTestShellReporter)) in "/home/korchasa/workspace/thx/lib/limb/tests_runner/src/lmbTestGroup.class.php" line 30
* lmbTestGroup::run(OBJECT(lmbTestShellReporter)) in "/home/korchasa/workspace/thx/lib/limb/tests_runner/lib/simpletest/test_case.php" line 572
* TestSuite::run(OBJECT(lmbTestShellReporter)) in "/home/korchasa/workspace/thx/lib/limb/tests_runner/src/lmbTestGroup.class.php" line 30
* lmbTestGroup::run(OBJECT(lmbTestShellReporter)) in "/home/korchasa/workspace/thx/lib/limb/tests_runner/lib/simpletest/test_case.php" line 572
* TestSuite::run(OBJECT(lmbTestShellReporter)) in "/home/korchasa/workspace/thx/lib/limb/tests_runner/src/lmbTestGroup.class.php" line 30
* lmbTestGroup::run(OBJECT(lmbTestShellReporter)) in "/home/korchasa/workspace/thx/lib/limb/tests_runner/src/lmbTestRunner.class.php" line 73
* lmbTestRunner::_doRun(OBJECT(lmbTestTreeGlobNode), STRING(1) "/") in "/home/korchasa/workspace/thx/lib/limb/tests_runner/src/lmbTestRunner.class.php" line 61
* lmbTestRunner::run(OBJECT(lmbTestTreeGlobNode)) in "/home/korchasa/workspace/thx/lib/limb/tests_runner/src/lmbTestShellUI.class.php" line 252
* lmbTestShellUI::_doRun() in "/home/korchasa/workspace/thx/lib/limb/tests_runner/src/lmbTestShellUI.class.php" line 129
* lmbTestShellUI::run() in "/home/korchasa/workspace/thx/lib/limb/tests_runner/bin/limb_unit.php" line 17
========================= [127.0.0.1][GET - /my/balance] [Dec 21 2012 16:08:21]=========================
Error: lmbException: Creating default object from empty value
Additional attributes: Array
(
    [file] => /home/korchasa/workspace/thx/src/controller/MyController.class.php
    [line] => 13
)

Back trace:
* lmbDelegate::invoke(INT(2), STRING(40) "Creating default object from empty value", STRING(66) "/home/korchasa/workspace/thx/src/controller/MyController.class.php", INT(13), ARRAY(1)) in "/home/korchasa/workspace/thx/src/controller/MyController.class.php" line 13
* MyController::doBalance() in "/home/korchasa/workspace/thx/src/controller/BaseJsonController.class.php" line 57
* BaseJsonController::_runMethod(STRING(9) "DoBalance") in "/home/korchasa/workspace/thx/src/controller/BaseJsonController.class.php" line 50
* BaseJsonController::performAction() in "/home/korchasa/workspace/thx/lib/limb/web_app/src/filter/lmbActionPerformingFilter.class.php" line 25
* lmbActionPerformingFilter::run(OBJECT(odApplication)) in "/home/korchasa/workspace/thx/lib/limb/filter_chain/src/lmbFilterChain.class.php" line 100
* lmbFilterChain::next() in "/home/korchasa/workspace/thx/lib/limb/web_app/src/filter/lmbResponseTransactionFilter.class.php" line 24
* lmbResponseTransactionFilter::run(OBJECT(odApplication)) in "/home/korchasa/workspace/thx/lib/limb/filter_chain/src/lmbFilterChain.class.php" line 100
* lmbFilterChain::next() in "/home/korchasa/workspace/thx/lib/limb/web_app/src/filter/lmbRequestDispatchingFilter.class.php" line 53
* lmbRequestDispatchingFilter::run(OBJECT(odApplication)) in "/home/korchasa/workspace/thx/lib/limb/filter_chain/src/lmbFilterChain.class.php" line 100
* lmbFilterChain::next() in "/home/korchasa/workspace/thx/src/filter/SessionStartupFilter.class.php" line 12
* SessionStartupFilter::run(OBJECT(odApplication)) in "/home/korchasa/workspace/thx/lib/limb/filter_chain/src/lmbFilterChain.class.php" line 100
* lmbFilterChain::next() in "/home/korchasa/workspace/thx/lib/limb/profile/src/filter/lmbProfileReportingFilter.class.php" line 29
* lmbProfileReportingFilter::run(OBJECT(odApplication)) in "/home/korchasa/workspace/thx/lib/limb/filter_chain/src/lmbFilterChain.class.php" line 100
* lmbFilterChain::next() in "/home/korchasa/workspace/thx/lib/limb/dbal/src/filter/lmbAutoDbTransactionFilter.class.php" line 28
* lmbAutoDbTransactionFilter::run(OBJECT(odApplication)) in "/home/korchasa/workspace/thx/lib/limb/filter_chain/src/lmbFilterChain.class.php" line 100
* lmbFilterChain::next() in "/home/korchasa/workspace/thx/src/filter/InputOutputLogWritterFilter.class.php" line 18
* InputOutputLogWritterFilter::run(OBJECT(odApplication)) in "/home/korchasa/workspace/thx/lib/limb/filter_chain/src/lmbFilterChain.class.php" line 100
* lmbFilterChain::next() in "/home/korchasa/workspace/thx/lib/limb/web_app/src/filter/lmbErrorHandlingFilter.class.php" line 42
* lmbErrorHandlingFilter::run(OBJECT(odApplication)) in "/home/korchasa/workspace/thx/lib/limb/filter_chain/src/lmbFilterChain.class.php" line 100
* lmbFilterChain::next() in "/home/korchasa/workspace/thx/lib/limb/filter_chain/src/lmbFilterChain.class.php" line 111
* lmbFilterChain::process() in "/home/korchasa/workspace/thx/lib/limb/web_app/src/lmbWebApplication.class.php" line 77
* lmbWebApplication::process() in "/home/korchasa/workspace/thx/www/index.php" line 10
